
python3 dots_array_new.py -M 10 -N 10 --vmin 0 --vmax 1.2 --vstep 0.01 --vr 0 --vd 0 --vu 0 --vg-avg 0 --vg-std 0 --c-avg 2 --c-std 0 --cg-avg 10 --cg-std 0 --r-avg 10 --r-std 0 --rg-avg 1000 --rg-std 0 --repeats 50 --n-avg 0 --n-std 0 --q-avg 0 --q-std 0 -T 0.001 --temperature-gradient 0.01 --temperature-gradient-step 0.001 --distribution exp --custom-rh "" --custom-rv "" --custom-ch "" --custom-cv "" --file-name array_10_10_T_0.001 -o linear_response_temperature_gradient --full --current-map   --symmetric-v     -i linear_response_temperature_gradient/runningParameters_array_10_10_T_0.001.txt

Loading parameters from file linear_response_temperature_gradient/runningParameters_array_10_10_T_0.001.txt
Saving array parameters
Normal prototype array was created
Starting parallel run
0.000,0.010,0.020,0.030,0.040,0.050,0.060,0.070,0.080,
python3 dots_array_new.py -M 10 -N 10 --vmin 0 --vmax 1.2 --vstep 0.01 --vr 0 --vd 0 --vu 0 --vg-avg 0 --vg-std 0 --c-avg 2 --c-std 0 --cg-avg 10 --cg-std 0 --r-avg 10 --r-std 0 --rg-avg 1000 --rg-std 0 --repeats 50 --n-avg 0 --n-std 0 --q-avg 0 --q-std 0 -T 0.001 --temperature-gradient 0.01 --temperature-gradient-step 0.001 --distribution exp --custom-rh "" --custom-rv "" --custom-ch "" --custom-cv "" --file-name array_10_10_T_0.001 -o linear_response_temperature_gradient --full --current-map  --resume --symmetric-v     -i linear_response_temperature_gradient/runningParameters_array_10_10_T_0.001.txt

Loading parameters from file linear_response_temperature_gradient/runningParameters_array_10_10_T_0.001.txt
Loading array parameters
Normal prototype array was created
Starting parallel run
0.090,0.100,0.110,0.120,0.130,0.140,0.150,0.160,0.170,0.180,0.190,0.200,0.210,0.220,0.230,0.240,0.250,0.260,0.270,0.280,0.290,0.300,0.310,0.320,0.330,0.340,0.350,0.360,0.370,0.380,0.390,0.400,0.410,0.420,0.430,0.440,0.450,0.460,0.470,0.480,0.490,0.500,0.510,0.520,0.530,0.540,0.550,0.560,0.570,0.580,0.590,0.600,0.610,0.620,0.630,0.640,0.650,0.660,0.670,0.680,0.690,0.700,0.710,0.720,0.730,0.740,0.750,0.760,0.770,0.780,0.790,0.800,0.810,0.820,0.830,0.840,0.850,0.860,0.870,0.880,0.890,0.900,0.910,0.920,0.930,0.940,0.950,0.960,0.970,0.980,0.990,1.000,1.010,1.020,
python3 dots_array_new.py -M 10 -N 10 --vmin 0 --vmax 1.2 --vstep 0.01 --vr 0 --vd 0 --vu 0 --vg-avg 0 --vg-std 0 --c-avg 2 --c-std 0 --cg-avg 10 --cg-std 0 --r-avg 10 --r-std 0 --rg-avg 1000 --rg-std 0 --repeats 50 --n-avg 0 --n-std 0 --q-avg 0 --q-std 0 -T 0.001 --temperature-gradient 0.01 --temperature-gradient-step 0.001 --distribution exp --custom-rh "" --custom-rv "" --custom-ch "" --custom-cv "" --file-name array_10_10_T_0.001 -o linear_response_temperature_gradient --full --current-map  --resume --symmetric-v     -i linear_response_temperature_gradient/runningParameters_array_10_10_T_0.001.txt

Loading parameters from file linear_response_temperature_gradient/runningParameters_array_10_10_T_0.001.txt
Loading array parameters
Normal prototype array was created
Starting parallel run
1.030,1.040,1.050,
python3 dots_array_new.py -M 10 -N 10 --vmin 0 --vmax 1.2 --vstep 0.01 --vr 0 --vd 0 --vu 0 --vg-avg 0 --vg-std 0 --c-avg 2 --c-std 0 --cg-avg 10 --cg-std 0 --r-avg 10 --r-std 0 --rg-avg 1000 --rg-std 0 --repeats 50 --n-avg 0 --n-std 0 --q-avg 0 --q-std 0 -T 0.001 --temperature-gradient 0.01 --temperature-gradient-step 0.001 --distribution exp --custom-rh "" --custom-rv "" --custom-ch "" --custom-cv "" --file-name array_10_10_T_0.001 -o linear_response_temperature_gradient --full --current-map  --resume --symmetric-v     -i linear_response_temperature_gradient/runningParameters_array_10_10_T_0.001.txt

Loading parameters from file linear_response_temperature_gradient/runningParameters_array_10_10_T_0.001.txt
Loading array parameters
Normal prototype array was created
Starting parallel run
1.060,1.070,1.080,1.090,1.100,1.110,1.120,1.130,1.140,1.150,1.160,1.170,1.180,1.190,1.190,1.180,1.170,1.160,1.150,1.140,1.130,1.120,1.110,1.100,