
python3 dots_array.py -M 3 -N 3 --vmin 0 --vmax 2 --vstep 0.01 --vr 0 --vg-avg 0 --vg-std 0 --c-avg 1 --c-std 0.1 --cg-avg 10 --cg-std 0 --r-avg 1 --r-std 1.5 --rg-avg 1000 --rg-std 0 --repeats 20 --n-avg 0 --n-std 0 --q-avg 0 --q-std 0 -T 0 --distribution exp --custom-rh "" --custom-rv "" --custom-ch "" --custom-cv "" --file-name c_std_0.1_r_std_1.5_run_8 -o 3X3_array_statistics    --resume --symmetric-v

Loading array parameters
Normal prototype array was created
Starting parallel run
total steps = 11527744
total steps = 11225122
total steps = 11225122
total steps = 11225122
total steps = 11828589
total steps = 12735820
total steps = 11828589
total steps = 12437428
total steps = 13851960
total steps = 12127508
total steps = 14042506
total steps = 14393393
total steps = 11828589
total steps = 12437428
total steps = 12127508
total steps = 14393393
total steps = 15028731
total steps = 19486300
total steps = 13385069
Saving results
