
python3 dots_array.py -M 2 -N 1 --vmin 0 --vmax 30 --vstep 0.1 --vr 0 --vg-avg 0 --vg-std 0 --c-avg 1 --c-std 0 --cg-avg 10 --cg-std 0 --r-avg 1 --r-std 0 --rg-avg 1000 --rg-std 0 --repeats 20 --n-avg 0 --n-std 0 --q-avg 0 --q-std 0 --distribution uniform --custom-rh "[[1,10],[1,10]]" --custom-rv "[[1]]" --custom-ch "[[1,10],[1,10]]" --custom-cv "[[1]]" --file-name increasing_r_zigzag_c_2_1 -o 2_vertical_dots_arrays_c_disorder --full --current-map  --resume

[[5652.17391304]
 [5238.0952381 ]]
[[5652.17391304]
 [5238.0952381 ]]
[[5652.17391304]
 [5238.0952381 ]]
[[5652.17391304]
 [5238.0952381 ]]
[[5652.17391304]
 [5238.0952381 ]]
[[5652.17391304]
 [5238.0952381 ]]
[[5652.17391304]
 [5238.0952381 ]]
[[5652.17391304]
 [5238.0952381 ]]
[[5652.17391304]
 [5238.0952381 ]]
[[5652.17391304]
 [5238.0952381 ]]
[[5652.17391304]
 [5238.0952381 ]]
[[5652.17391304]
 [5238.0952381 ]]
[[5652.17391304]
 [5238.0952381 ]]
[[5652.17391304]
 [5238.0952381 ]]
