
python3 dots_array.py -M 3 -N 3 --vmin 0 --vmax 2 --vstep 0.01 --vr 0 --vg-avg 0 --vg-std 0 --c-avg 1 --c-std 0.1 --cg-avg 10 --cg-std 0 --r-avg 1 --r-std 2 --rg-avg 1000 --rg-std 0 --repeats 20 --n-avg 0 --n-std 0 --q-avg 0 --q-std 0 -T 0 --distribution exp --custom-rh "" --custom-rv "" --custom-ch "" --custom-cv "" --file-name c_std_0.1_r_std_2_run_8 -o 3X3_array_statistics    --resume --symmetric-v

Loading array parameters
Normal prototype array was created
Starting parallel run
total steps = 96841680
total steps = 117260345
total steps = 119302418
total steps = 97040603
total steps = 115372917
total steps = 110947823
total steps = 110918770
total steps = 119302418
total steps = 117260345
total steps = 115181484
total steps = 117260345
total steps = 117416028
total steps = 87339329
total steps = 119302418
total steps = 117416028
total steps = 119302418
total steps = 121660667
total steps = 119302418
total steps = 119302418
total steps = 119302418
Saving results
