
python3 dots_array.py -M 3 -N 3 --vmin 0 --vmax 2 --vstep 0.01 --vr 0 --vg-avg 0 --vg-std 0 --c-avg 1 --c-std 0.9 --cg-avg 2 --cg-std 0 --r-avg 1 --r-std 2 --rg-avg 1000 --rg-std 0 --repeats 20 --n-avg 0 --n-std 0 --q-avg 0 --q-std 0 -T 0 --temperature-gradient 0 --distribution exp --gap 0 --custom-rh "" --custom-rv "" --custom-ch "" --custom-cv "" --file-name array_3_3_cg_2_run_6 -o small_arrays_different_CG -i  --full --current-map  --resume --symmetric-v      

Loading array parameters
Normal prototype array was created
Starting parallel run
Loading 1
Loading 0
Loading 2
Loading 3
Loading 4
Loading 5
Loading 6
Loading 7
Loading 8
Loading 9
Loading 10
Loading 11
Loading 12
Loading 13
Loading 14
Loading 15
Loading 16
Loading 18
Loading 17
Loading 19
Loading over 0
Loading over 2
Loading over 5
Loading over 7
Loading over 1
Loading over 11
Loading over 3
Loading over 19
Loading over 12
Loading over 4
Loading over 9
Loading over 6
Loading over 13
Loading over 17
Loading over 14
Loading over 10
Loading over 8
Loading over 15
Loading over 18
Loading over 16
1.540,1.550,1.560,1.570,1.580,1.590,1.600,1.610,1.620,1.630,1.640,1.650,1.660,1.670,1.680,1.690,1.700,1.710,1.720,1.730,1.740,1.750,1.760,1.770,1.780,1.790,1.800,1.810,1.820,1.830,1.840,1.850,1.860,1.870,1.880,1.890,1.900,1.910,1.920,1.930,1.940,1.950,1.960,1.970,1.980,1.990,1.990,1.980,1.970,1.960,1.950,1.940,1.930,1.920,1.910,1.900,1.890,1.880,1.870,1.860,1.850,1.840,1.830,1.820,1.810,1.800,1.790,1.780,1.770,1.760,1.750,1.740,1.730,1.720,1.710,1.700,1.690,1.680,1.670,1.660,1.650,1.640,1.630,1.620,1.610,1.600,1.590,1.580,1.570,1.560,1.550,1.540,1.530,1.520,1.510,1.500,1.490,1.480,1.470,1.460,1.450,1.440,1.430,1.420,1.410,1.400,1.390,1.380,1.370,1.360,1.350,1.340,1.330,1.320,1.310,1.300,1.290,1.280,1.270,1.260,1.250,1.240,1.230,1.220,1.210,1.200,1.190,1.180,1.170,1.160,1.150,1.140,1.130,1.120,1.110,1.100,1.090,1.080,1.070,1.060,1.050,1.040,1.030,1.020,1.010,1.000,0.990,0.980,0.970,0.960,0.950,0.940,0.930,0.920,0.910,0.900,0.890,0.880,0.870,0.860,0.850,0.840,0.830,0.820,0.810,0.800,0.790,0.780,0.770,0.760,0.750,0.740,0.730,0.720,0.710,0.700,0.690,0.680,0.670,0.660,0.650,0.640,0.630,0.620,0.610,0.600,0.590,0.580,0.570,0.560,0.550,0.540,0.530,0.520,0.510,0.500,0.490,0.480,0.470,0.460,0.450,0.440,0.430,0.420,0.410,0.400,0.390,0.380,0.370,0.360,0.350,0.340,0.330,0.320,0.310,0.300,0.290,0.280,0.270,0.260,0.250,0.240,0.230,0.220,0.210,0.200,0.190,0.180,0.170,0.160,0.150,0.140,0.130,0.120,0.110,0.100,0.090,0.080,0.070,0.060,0.050,0.040,0.030,0.020,0.010,0.000,Saving results
